2025-04-19 14:37:47,529 - telegram_bot - INFO - Starting Telegram bot (attempt 1/5)...
2025-04-19 14:37:49,923 - root - INFO - Using Telegram Payments TEST mode
2025-04-19 14:37:49,928 - telegram_bot - ERROR - Error in run_bot: cannot import name 'dp' from 'bot.main' (/home/runner/workspace/bot/main.py)
Traceback (most recent call last):
  File "/home/runner/workspace/telegram_bot.py", line 41, in run_bot
    from bot.main import bot, dp
ImportError: cannot import name 'dp' from 'bot.main' (/home/runner/workspace/bot/main.py)
2025-04-19 14:37:49,929 - telegram_bot - INFO - Bot exited with error. Retrying in 2 seconds...
2025-04-19 14:37:51,931 - telegram_bot - INFO - Starting Telegram bot (attempt 2/5)...
2025-04-19 14:37:51,932 - telegram_bot - ERROR - Error in run_bot: cannot import name 'dp' from 'bot.main' (/home/runner/workspace/bot/main.py)
Traceback (most recent call last):
  File "/home/runner/workspace/telegram_bot.py", line 41, in run_bot
    from bot.main import bot, dp
ImportError: cannot import name 'dp' from 'bot.main' (/home/runner/workspace/bot/main.py)
2025-04-19 14:37:51,933 - telegram_bot - INFO - Bot exited with error. Retrying in 4 seconds...
2025-04-19 14:40:33,464 - telegram_bot - INFO - Starting Telegram bot (attempt 1/5)...
2025-04-19 14:40:35,437 - root - INFO - Using Telegram Payments TEST mode
2025-04-19 14:40:37,538 - sqlalchemy.engine.Engine - INFO - select pg_catalog.version()
2025-04-19 14:40:37,538 - sqlalchemy.engine.Engine - INFO - [raw sql] {}
2025-04-19 14:40:37,998 - sqlalchemy.engine.Engine - INFO - select current_schema()
2025-04-19 14:40:37,998 - sqlalchemy.engine.Engine - INFO - [raw sql] {}
2025-04-19 14:41:07,091 - telegram_bot - INFO - Starting Telegram bot (attempt 1/5)...
2025-04-19 14:41:09,181 - root - INFO - Using Telegram Payments TEST mode
2025-04-19 14:41:11,235 - sqlalchemy.engine.Engine - INFO - select pg_catalog.version()
2025-04-19 14:41:11,236 - sqlalchemy.engine.Engine - INFO - [raw sql] {}
2025-04-19 14:41:11,687 - sqlalchemy.engine.Engine - INFO - select current_schema()
2025-04-19 14:41:11,687 - sqlalchemy.engine.Engine - INFO - [raw sql] {}
